<?xml version="1.0" encoding="UTF-8"?>
<testsuite name="com.bridgelabz.userReg.UserLoginTest" tests="1" skipped="0" failures="0" errors="0" timestamp="2020-10-05T02:49:37" hostname="LAPTOP-RGI87V6B" time="0.014">
  <properties/>
  <testcase name="givenPassword_whenLessThan8Length_whenInvalid_shouldReturnFalse" classname="com.bridgelabz.userReg.UserLoginTest" time="0.014"/>
  <system-out><![CDATA[INVALID_PASS Entered Invalid Password
]]></system-out>
  <system-err><![CDATA[]]></system-err>
</testsuite>
