<?xml version="1.0" encoding="UTF-8"?>
<testsuite name="com.bridgelabz.userReg.UserLoginTest" tests="1" skipped="0" failures="0" errors="0" timestamp="2020-09-29T14:37:38" hostname="LAPTOP-RGI87V6B" time="0.004">
  <properties/>
  <testcase name="givenFirstname_whenMiddleCharCaps_whenInvalid_shouldReturnFalse" classname="com.bridgelabz.userReg.UserLoginTest" time="0.004"/>
  <system-out><![CDATA[]]></system-out>
  <system-err><![CDATA[]]></system-err>
</testsuite>
