<?xml version="1.0" encoding="UTF-8"?>
<testsuite name="com.bridgelabz.userReg.UserLoginTest" tests="1" skipped="0" failures="0" errors="0" timestamp="2020-09-29T14:04:04" hostname="LAPTOP-RGI87V6B" time="0.006">
  <properties/>
  <testcase name="givenFirstname_whenInvalid_shouldReturnFalse" classname="com.bridgelabz.userReg.UserLoginTest" time="0.006"/>
  <system-out><![CDATA[Invalid first name
]]></system-out>
  <system-err><![CDATA[]]></system-err>
</testsuite>
