<?xml version="1.0" encoding="UTF-8"?>
<testsuite name="com.bridgelabz.userReg.UserLoginTest" tests="1" skipped="0" failures="0" errors="0" timestamp="2020-10-04T05:45:11" hostname="LAPTOP-RGI87V6B" time="0.005">
  <properties/>
  <testcase name="givenFirstname_whenValid_shouldReturnTrue" classname="com.bridgelabz.userReg.UserLoginTest" time="0.005"/>
  <system-out><![CDATA[]]></system-out>
  <system-err><![CDATA[]]></system-err>
</testsuite>
